INFO - North Ave element count: 630
INFO - Exit element count: 630
INFO - Quezon Ave element count: 630
INFO - GMA Kamuning element count: 630
INFO - Cubao element count: 630
INFO - Santolan element count: 630
INFO - Ortigas element count: 630
INFO - Shaw Blvd element count: 630
INFO - Boni Ave element count: 630
INFO - Guadalupe element count: 630
INFO - Buendia element count: 630
INFO - Ayala Ave element count: 630
INFO - Magallanes element count: 630
INFO - Taft element count: 630
INFO - North Ave element count: 627
INFO - Exit element count: 627
INFO - Quezon Ave element count: 627
INFO - GMA Kamuning element count: 627
INFO - Cubao element count: 627
INFO - Santolan element count: 627
INFO - Ortigas element count: 627
INFO - Shaw Blvd element count: 627
INFO - Boni Ave element count: 627
INFO - Guadalupe element count: 627
INFO - Buendia element count: 627
INFO - Ayala Ave element count: 627
INFO - Magallanes element count: 627
INFO - Taft element count: 627
INFO - North Ave element count: 607
INFO - Exit element count: 607
INFO - Quezon Ave element count: 609
INFO - GMA Kamuning element count: 609
INFO - Cubao element count: 609
INFO - Santolan element count: 609
INFO - Ortigas element count: 609
INFO - Shaw Blvd element count: 608
INFO - Boni Ave element count: 608
INFO - Guadalupe element count: 607
INFO - Buendia element count: 607
INFO - Ayala Ave element count: 607
INFO - Magallanes element count: 607
INFO - Taft element count: 607
INFO - North Ave element count: 637
INFO - Exit element count: 637
INFO - Quezon Ave element count: 637
INFO - GMA Kamuning element count: 637
INFO - Cubao element count: 637
INFO - Santolan element count: 637
INFO - Ortigas element count: 637
INFO - Shaw Blvd element count: 637
INFO - Boni Ave element count: 637
INFO - Guadalupe element count: 637
INFO - Buendia element count: 637
INFO - Ayala Ave element count: 637
INFO - Magallanes element count: 637
INFO - Taft element count: 637
INFO - North Ave element count: 575
INFO - Exit element count: 575
INFO - Quezon Ave element count: 575
INFO - GMA Kamuning element count: 575
INFO - Cubao element count: 575
INFO - Santolan element count: 575
INFO - Ortigas element count: 575
INFO - Shaw Blvd element count: 575
INFO - Boni Ave element count: 575
INFO - Guadalupe element count: 575
INFO - Buendia element count: 575
INFO - Ayala Ave element count: 575
INFO - Magallanes element count: 575
INFO - Taft element count: 575
INFO - North Ave element count: 643
INFO - Exit element count: 643
INFO - Quezon Ave element count: 643
INFO - GMA Kamuning element count: 643
INFO - Cubao element count: 643
INFO - Santolan element count: 643
INFO - Ortigas element count: 643
INFO - Shaw Blvd element count: 643
INFO - Boni Ave element count: 643
INFO - Guadalupe element count: 643
INFO - Buendia element count: 643
INFO - Ayala Ave element count: 643
INFO - Magallanes element count: 643
INFO - Taft element count: 643
INFO - North Ave element count: 466
INFO - Exit element count: 466
INFO - Quezon Ave element count: 466
INFO - GMA Kamuning element count: 466
INFO - Cubao element count: 466
INFO - Santolan element count: 466
INFO - Ortigas element count: 466
INFO - Shaw Blvd element count: 466
INFO - Boni Ave element count: 466
INFO - Guadalupe element count: 466
INFO - Buendia element count: 466
INFO - Ayala Ave element count: 466
INFO - Magallanes element count: 466
INFO - Taft element count: 466
INFO - North Ave element count: 624
INFO - Exit element count: 624
INFO - Quezon Ave element count: 624
INFO - GMA Kamuning element count: 624
INFO - Cubao element count: 624
INFO - Santolan element count: 624
INFO - Ortigas element count: 625
INFO - Shaw Blvd element count: 624
INFO - Boni Ave element count: 624
INFO - Guadalupe element count: 624
INFO - Buendia element count: 625
INFO - Ayala Ave element count: 624
INFO - Magallanes element count: 624
INFO - Taft element count: 624
INFO - North Ave element count: 619
INFO - Exit element count: 619
INFO - Quezon Ave element count: 619
INFO - GMA Kamuning element count: 619
INFO - Cubao element count: 619
INFO - Santolan element count: 619
INFO - Ortigas element count: 619
INFO - Shaw Blvd element count: 619
INFO - Boni Ave element count: 619
INFO - Guadalupe element count: 619
INFO - Buendia element count: 619
INFO - Ayala Ave element count: 619
INFO - Magallanes element count: 619
INFO - Taft element count: 619
INFO - North Ave element count: 630
INFO - Exit element count: 630
INFO - Quezon Ave element count: 630
INFO - GMA Kamuning element count: 630
INFO - Cubao element count: 630
INFO - Santolan element count: 630
INFO - Ortigas element count: 630
INFO - Shaw Blvd element count: 630
INFO - Boni Ave element count: 630
INFO - Guadalupe element count: 630
INFO - Buendia element count: 630
INFO - Ayala Ave element count: 630
INFO - Magallanes element count: 630
INFO - Taft element count: 630
INFO - North Ave element count: 630
INFO - Exit element count: 630
INFO - Quezon Ave element count: 630
INFO - GMA Kamuning element count: 630
INFO - Cubao element count: 630
INFO - Santolan element count: 630
INFO - Ortigas element count: 630
INFO - Shaw Blvd element count: 630
INFO - Boni Ave element count: 630
INFO - Guadalupe element count: 630
INFO - Buendia element count: 630
INFO - Ayala Ave element count: 630
INFO - Magallanes element count: 630
INFO - Taft element count: 630
INFO - North Ave element count: 627
INFO - Exit element count: 627
INFO - Quezon Ave element count: 627
INFO - GMA Kamuning element count: 627
INFO - Cubao element count: 627
INFO - Santolan element count: 627
INFO - Ortigas element count: 627
INFO - Shaw Blvd element count: 627
INFO - Boni Ave element count: 627
INFO - Guadalupe element count: 627
INFO - Buendia element count: 627
INFO - Ayala Ave element count: 627
INFO - Magallanes element count: 627
INFO - Taft element count: 627
INFO - North Ave element count: 607
INFO - Exit element count: 607
INFO - Quezon Ave element count: 609
INFO - GMA Kamuning element count: 609
INFO - Cubao element count: 609
INFO - Santolan element count: 609
INFO - Ortigas element count: 609
INFO - Shaw Blvd element count: 608
INFO - Boni Ave element count: 608
INFO - Guadalupe element count: 607
INFO - Buendia element count: 607
INFO - Ayala Ave element count: 607
INFO - Magallanes element count: 607
INFO - Taft element count: 607
INFO - North Ave element count: 637
INFO - Exit element count: 637
INFO - Quezon Ave element count: 637
INFO - GMA Kamuning element count: 637
INFO - Cubao element count: 637
INFO - Santolan element count: 637
INFO - Ortigas element count: 637
INFO - Shaw Blvd element count: 637
INFO - Boni Ave element count: 637
INFO - Guadalupe element count: 637
INFO - Buendia element count: 637
INFO - Ayala Ave element count: 637
INFO - Magallanes element count: 637
INFO - Taft element count: 637
INFO - North Ave element count: 575
INFO - Exit element count: 575
INFO - Quezon Ave element count: 575
INFO - GMA Kamuning element count: 575
INFO - Cubao element count: 575
INFO - Santolan element count: 575
INFO - Ortigas element count: 575
INFO - Shaw Blvd element count: 575
INFO - Boni Ave element count: 575
INFO - Guadalupe element count: 575
INFO - Buendia element count: 575
INFO - Ayala Ave element count: 575
INFO - Magallanes element count: 575
INFO - Taft element count: 575
INFO - North Ave element count: 643
INFO - Exit element count: 643
INFO - Quezon Ave element count: 643
INFO - GMA Kamuning element count: 643
INFO - Cubao element count: 643
INFO - Santolan element count: 643
INFO - Ortigas element count: 643
INFO - Shaw Blvd element count: 643
INFO - Boni Ave element count: 643
INFO - Guadalupe element count: 643
INFO - Buendia element count: 643
INFO - Ayala Ave element count: 643
INFO - Magallanes element count: 643
INFO - Taft element count: 643
INFO - North Ave element count: 466
INFO - Exit element count: 466
INFO - Quezon Ave element count: 466
INFO - GMA Kamuning element count: 466
INFO - Cubao element count: 466
INFO - Santolan element count: 466
INFO - Ortigas element count: 466
INFO - Shaw Blvd element count: 466
INFO - Boni Ave element count: 466
INFO - Guadalupe element count: 466
INFO - Buendia element count: 466
INFO - Ayala Ave element count: 466
INFO - Magallanes element count: 466
INFO - Taft element count: 466
INFO - North Ave element count: 624
INFO - Exit element count: 624
INFO - Quezon Ave element count: 624
INFO - GMA Kamuning element count: 624
INFO - Cubao element count: 624
INFO - Santolan element count: 624
INFO - Ortigas element count: 625
INFO - Shaw Blvd element count: 624
INFO - Boni Ave element count: 624
INFO - Guadalupe element count: 624
INFO - Buendia element count: 625
INFO - Ayala Ave element count: 624
INFO - Magallanes element count: 624
INFO - Taft element count: 624
INFO - North Ave element count: 619
INFO - Exit element count: 619
INFO - Quezon Ave element count: 619
INFO - GMA Kamuning element count: 619
INFO - Cubao element count: 619
INFO - Santolan element count: 619
INFO - Ortigas element count: 619
INFO - Shaw Blvd element count: 619
INFO - Boni Ave element count: 619
INFO - Guadalupe element count: 619
INFO - Buendia element count: 619
INFO - Ayala Ave element count: 619
INFO - Magallanes element count: 619
INFO - Taft element count: 619
INFO - North Ave element count: 630
INFO - Exit element count: 630
INFO - Quezon Ave element count: 630
INFO - GMA Kamuning element count: 630
INFO - Cubao element count: 630
INFO - Santolan element count: 630
INFO - Ortigas element count: 630
INFO - Shaw Blvd element count: 630
INFO - Boni Ave element count: 630
INFO - Guadalupe element count: 630
INFO - Buendia element count: 630
INFO - Ayala Ave element count: 630
INFO - Magallanes element count: 630
INFO - Taft element count: 630
INFO - North Ave element count: 643
INFO - Exit element count: 643
INFO - Quezon Ave element count: 643
INFO - GMA Kamuning element count: 643
INFO - Cubao element count: 643
INFO - Santolan element count: 643
INFO - Ortigas element count: 643
INFO - Shaw Blvd element count: 643
INFO - Boni Ave element count: 643
INFO - Guadalupe element count: 643
INFO - Buendia element count: 643
INFO - Ayala Ave element count: 643
INFO - Magallanes element count: 643
INFO - Taft element count: 643
INFO - North Ave element count: 626
INFO - Exit element count: 626
INFO - Quezon Ave element count: 626
INFO - GMA Kamuning element count: 626
INFO - Cubao element count: 626
INFO - Santolan element count: 626
INFO - Ortigas element count: 626
INFO - Shaw Blvd element count: 626
INFO - Boni Ave element count: 626
INFO - Guadalupe element count: 626
INFO - Buendia element count: 626
INFO - Ayala Ave element count: 626
INFO - Magallanes element count: 626
INFO - Taft element count: 626
INFO - North Ave element count: 637
INFO - Exit element count: 637
INFO - Quezon Ave element count: 637
INFO - GMA Kamuning element count: 637
INFO - Cubao element count: 637
INFO - Santolan element count: 637
INFO - Ortigas element count: 637
INFO - Shaw Blvd element count: 637
INFO - Boni Ave element count: 637
INFO - Guadalupe element count: 637
INFO - Buendia element count: 637
INFO - Ayala Ave element count: 637
INFO - Magallanes element count: 637
INFO - Taft element count: 637
INFO - North Ave element count: 621
INFO - Exit element count: 621
INFO - Quezon Ave element count: 621
INFO - GMA Kamuning element count: 621
INFO - Cubao element count: 621
INFO - Santolan element count: 621
INFO - Ortigas element count: 621
INFO - Shaw Blvd element count: 621
INFO - Boni Ave element count: 621
INFO - Guadalupe element count: 616
INFO - Buendia element count: 621
INFO - Ayala Ave element count: 621
INFO - Magallanes element count: 621
INFO - Taft element count: 621
INFO - North Ave element count: 630
INFO - Exit element count: 630
INFO - Quezon Ave element count: 630
INFO - GMA Kamuning element count: 630
INFO - Cubao element count: 630
INFO - Santolan element count: 630
INFO - Ortigas element count: 630
INFO - Shaw Blvd element count: 630
INFO - Boni Ave element count: 630
INFO - Guadalupe element count: 619
INFO - Buendia element count: 630
INFO - Ayala Ave element count: 630
INFO - Magallanes element count: 630
INFO - Taft element count: 630
INFO - North Ave element count: 593
INFO - Exit element count: 593
INFO - Quezon Ave element count: 593
INFO - GMA Kamuning element count: 593
INFO - Cubao element count: 593
INFO - Santolan element count: 593
INFO - Ortigas element count: 593
INFO - Shaw Blvd element count: 593
INFO - Boni Ave element count: 593
INFO - Guadalupe element count: 593
INFO - Buendia element count: 593
INFO - Ayala Ave element count: 593
INFO - Magallanes element count: 593
INFO - Taft element count: 593
INFO - North Ave element count: 323
INFO - Exit element count: 323
INFO - Quezon Ave element count: 323
INFO - GMA Kamuning element count: 323
INFO - Cubao element count: 323
INFO - Santolan element count: 323
INFO - Ortigas element count: 323
INFO - Shaw Blvd element count: 323
INFO - Boni Ave element count: 323
INFO - Guadalupe element count: 323
INFO - Buendia element count: 323
INFO - Ayala Ave element count: 323
INFO - Magallanes element count: 323
INFO - Taft element count: 323
INFO - North Ave element count: 608
INFO - Exit element count: 607
INFO - Quezon Ave element count: 608
INFO - GMA Kamuning element count: 608
INFO - Cubao element count: 608
INFO - Santolan element count: 608
INFO - Ortigas element count: 608
INFO - Shaw Blvd element count: 608
INFO - Boni Ave element count: 608
INFO - Guadalupe element count: 597
INFO - Buendia element count: 608
INFO - Ayala Ave element count: 608
INFO - Magallanes element count: 608
INFO - Taft element count: 608
INFO - North Ave element count: 465
INFO - Exit element count: 465
INFO - Quezon Ave element count: 465
INFO - GMA Kamuning element count: 465
INFO - Cubao element count: 465
INFO - Santolan element count: 465
INFO - Ortigas element count: 465
INFO - Shaw Blvd element count: 465
INFO - Boni Ave element count: 465
INFO - Guadalupe element count: 458
INFO - Buendia element count: 465
INFO - Ayala Ave element count: 465
INFO - Magallanes element count: 465
INFO - Taft element count: 465
INFO - North Ave element count: 328
INFO - Exit element count: 328
INFO - Quezon Ave element count: 328
INFO - GMA Kamuning element count: 328
INFO - Cubao element count: 328
INFO - Santolan element count: 328
INFO - Ortigas element count: 328
INFO - Shaw Blvd element count: 328
INFO - Boni Ave element count: 328
INFO - Guadalupe element count: 320
INFO - Buendia element count: 328
INFO - Ayala Ave element count: 328
INFO - Magallanes element count: 328
INFO - Taft element count: 328
INFO - North Ave element count: 614
INFO - Exit element count: 614
INFO - Quezon Ave element count: 614
INFO - GMA Kamuning element count: 614
INFO - Cubao element count: 614
INFO - Santolan element count: 614
INFO - Ortigas element count: 614
INFO - Shaw Blvd element count: 614
INFO - Boni Ave element count: 614
INFO - Guadalupe element count: 599
INFO - Buendia element count: 614
INFO - Ayala Ave element count: 614
INFO - Magallanes element count: 614
INFO - Taft element count: 614
INFO - North Ave element count: 628
INFO - Exit element count: 628
INFO - Quezon Ave element count: 628
INFO - GMA Kamuning element count: 628
INFO - Cubao element count: 628
INFO - Santolan element count: 628
INFO - Ortigas element count: 628
INFO - Shaw Blvd element count: 628
INFO - Boni Ave element count: 628
INFO - Guadalupe element count: 620
INFO - Buendia element count: 628
INFO - Ayala Ave element count: 628
INFO - Magallanes element count: 628
INFO - Taft element count: 628
INFO - North Ave element count: 606
INFO - Exit element count: 606
INFO - Quezon Ave element count: 606
INFO - GMA Kamuning element count: 606
INFO - Cubao element count: 606
INFO - Santolan element count: 606
INFO - Ortigas element count: 605
INFO - Shaw Blvd element count: 606
INFO - Boni Ave element count: 606
INFO - Guadalupe element count: 605
INFO - Buendia element count: 606
INFO - Ayala Ave element count: 606
INFO - Magallanes element count: 606
INFO - Taft element count: 606
INFO - North Ave element count: 616
INFO - Exit element count: 616
INFO - Quezon Ave element count: 616
INFO - GMA Kamuning element count: 616
INFO - Cubao element count: 616
INFO - Santolan element count: 616
INFO - Ortigas element count: 611
INFO - Shaw Blvd element count: 616
INFO - Boni Ave element count: 616
INFO - Guadalupe element count: 611
INFO - Buendia element count: 616
INFO - Ayala Ave element count: 616
INFO - Magallanes element count: 616
INFO - Taft element count: 616
INFO - North Ave element count: 616
INFO - Exit element count: 616
INFO - Quezon Ave element count: 616
INFO - GMA Kamuning element count: 616
INFO - Cubao element count: 616
INFO - Santolan element count: 616
INFO - Ortigas element count: 610
INFO - Shaw Blvd element count: 616
INFO - Boni Ave element count: 616
INFO - Guadalupe element count: 610
INFO - Buendia element count: 616
INFO - Ayala Ave element count: 616
INFO - Magallanes element count: 616
INFO - Taft element count: 616
INFO - North Ave element count: 580
INFO - Exit element count: 580
INFO - Quezon Ave element count: 580
INFO - GMA Kamuning element count: 580
INFO - Cubao element count: 580
INFO - Santolan element count: 580
INFO - Ortigas element count: 580
INFO - Shaw Blvd element count: 580
INFO - Boni Ave element count: 580
INFO - Guadalupe element count: 560
INFO - Buendia element count: 580
INFO - Ayala Ave element count: 580
INFO - Magallanes element count: 580
INFO - Taft element count: 580
INFO - North Ave element count: 588
INFO - Exit element count: 588
INFO - Quezon Ave element count: 588
INFO - GMA Kamuning element count: 588
INFO - Cubao element count: 588
INFO - Santolan element count: 588
INFO - Ortigas element count: 588
INFO - Shaw Blvd element count: 588
INFO - Boni Ave element count: 588
INFO - Guadalupe element count: 580
INFO - Buendia element count: 588
INFO - Ayala Ave element count: 588
INFO - Magallanes element count: 588
INFO - Taft element count: 588
INFO - North Ave element count: 515
INFO - Exit element count: 515
INFO - Quezon Ave element count: 515
INFO - GMA Kamuning element count: 515
INFO - Cubao element count: 515
INFO - Santolan element count: 515
INFO - Ortigas element count: 515
INFO - Shaw Blvd element count: 515
INFO - Boni Ave element count: 515
INFO - Guadalupe element count: 509
INFO - Buendia element count: 515
INFO - Ayala Ave element count: 515
INFO - Magallanes element count: 515
INFO - Taft element count: 515
INFO - North Ave element count: 638
INFO - Exit element count: 638
INFO - Quezon Ave element count: 638
INFO - GMA Kamuning element count: 638
INFO - Cubao element count: 638
INFO - Santolan element count: 638
INFO - Ortigas element count: 638
INFO - Shaw Blvd element count: 638
INFO - Boni Ave element count: 638
INFO - Guadalupe element count: 620
INFO - Buendia element count: 638
INFO - Ayala Ave element count: 638
INFO - Magallanes element count: 638
INFO - Taft element count: 638
INFO - North Ave element count: 605
INFO - Exit element count: 605
INFO - Quezon Ave element count: 605
INFO - GMA Kamuning element count: 605
INFO - Cubao element count: 605
INFO - Santolan element count: 605
INFO - Ortigas element count: 605
INFO - Shaw Blvd element count: 605
INFO - Boni Ave element count: 605
INFO - Guadalupe element count: 600
INFO - Buendia element count: 605
INFO - Ayala Ave element count: 605
INFO - Magallanes element count: 605
INFO - Taft element count: 605
INFO - North Ave element count: 630
INFO - Exit element count: 630
INFO - Quezon Ave element count: 630
INFO - GMA Kamuning element count: 630
INFO - Cubao element count: 630
INFO - Santolan element count: 630
INFO - Ortigas element count: 630
INFO - Shaw Blvd element count: 630
INFO - Boni Ave element count: 630
INFO - Guadalupe element count: 620
INFO - Buendia element count: 630
INFO - Ayala Ave element count: 630
INFO - Magallanes element count: 630
INFO - Taft element count: 630
INFO - North Ave element count: 618
INFO - Exit element count: 618
INFO - Quezon Ave element count: 618
INFO - GMA Kamuning element count: 618
INFO - Cubao element count: 618
INFO - Santolan element count: 618
INFO - Ortigas element count: 617
INFO - Shaw Blvd element count: 618
INFO - Boni Ave element count: 618
INFO - Guadalupe element count: 609
INFO - Buendia element count: 618
INFO - Ayala Ave element count: 618
INFO - Magallanes element count: 618
INFO - Taft element count: 618
INFO - North Ave element count: 613
INFO - Exit element count: 613
INFO - Quezon Ave element count: 613
INFO - GMA Kamuning element count: 613
INFO - Cubao element count: 613
INFO - Santolan element count: 613
INFO - Ortigas element count: 601
INFO - Shaw Blvd element count: 613
INFO - Boni Ave element count: 613
INFO - Guadalupe element count: 600
INFO - Buendia element count: 613
INFO - Ayala Ave element count: 613
INFO - Magallanes element count: 613
INFO - Taft element count: 613
INFO - North Ave element count: 603
INFO - Exit element count: 603
INFO - Quezon Ave element count: 603
INFO - GMA Kamuning element count: 603
INFO - Cubao element count: 603
INFO - Santolan element count: 603
INFO - Ortigas element count: 603
INFO - Shaw Blvd element count: 603
INFO - Boni Ave element count: 603
INFO - Guadalupe element count: 603
INFO - Buendia element count: 603
INFO - Ayala Ave element count: 603
INFO - Magallanes element count: 603
INFO - Taft element count: 603
INFO - North Ave element count: 604
INFO - Exit element count: 604
INFO - Quezon Ave element count: 604
INFO - GMA Kamuning element count: 604
INFO - Cubao element count: 604
INFO - Santolan element count: 604
INFO - Ortigas element count: 603
INFO - Shaw Blvd element count: 604
INFO - Boni Ave element count: 604
INFO - Guadalupe element count: 603
INFO - Buendia element count: 604
INFO - Ayala Ave element count: 604
INFO - Magallanes element count: 604
INFO - Taft element count: 604
INFO - North Ave element count: 607
INFO - Exit element count: 607
INFO - Quezon Ave element count: 607
INFO - GMA Kamuning element count: 607
INFO - Cubao element count: 607
INFO - Santolan element count: 607
INFO - Ortigas element count: 592
INFO - Shaw Blvd element count: 607
INFO - Boni Ave element count: 607
INFO - Guadalupe element count: 592
INFO - Buendia element count: 594
INFO - Ayala Ave element count: 607
INFO - Magallanes element count: 607
INFO - Taft element count: 607
INFO - North Ave element count: 603
INFO - Exit element count: 603
INFO - Quezon Ave element count: 603
INFO - GMA Kamuning element count: 603
INFO - Cubao element count: 603
INFO - Santolan element count: 603
INFO - Ortigas element count: 601
INFO - Shaw Blvd element count: 603
INFO - Boni Ave element count: 603
INFO - Guadalupe element count: 601
INFO - Buendia element count: 603
INFO - Ayala Ave element count: 603
INFO - Magallanes element count: 603
INFO - Taft element count: 603
INFO - North Ave element count: 541
INFO - Exit element count: 541
INFO - Quezon Ave element count: 544
INFO - GMA Kamuning element count: 544
INFO - Cubao element count: 544
INFO - Santolan element count: 544
INFO - Ortigas element count: 544
INFO - Shaw Blvd element count: 544
INFO - Boni Ave element count: 544
INFO - Guadalupe element count: 544
INFO - Buendia element count: 542
INFO - Ayala Ave element count: 541
INFO - Magallanes element count: 543
INFO - Taft element count: 541
INFO - North Ave element count: 620
INFO - Exit element count: 620
INFO - Quezon Ave element count: 620
INFO - GMA Kamuning element count: 620
INFO - Cubao element count: 620
INFO - Santolan element count: 620
INFO - Ortigas element count: 614
INFO - Shaw Blvd element count: 620
INFO - Boni Ave element count: 620
INFO - Guadalupe element count: 614
INFO - Buendia element count: 620
INFO - Ayala Ave element count: 620
INFO - Magallanes element count: 620
INFO - Taft element count: 620
INFO - North Ave element count: 500
INFO - Exit element count: 500
INFO - Quezon Ave element count: 500
INFO - GMA Kamuning element count: 500
INFO - Cubao element count: 500
INFO - Santolan element count: 500
INFO - Ortigas element count: 492
INFO - Shaw Blvd element count: 500
INFO - Boni Ave element count: 500
INFO - Guadalupe element count: 492
INFO - Buendia element count: 500
INFO - Ayala Ave element count: 500
INFO - Magallanes element count: 500
INFO - Taft element count: 500
INFO - North Ave element count: 636
INFO - Exit element count: 636
INFO - Quezon Ave element count: 636
INFO - GMA Kamuning element count: 636
INFO - Cubao element count: 636
INFO - Santolan element count: 636
INFO - Ortigas element count: 615
INFO - Shaw Blvd element count: 636
INFO - Boni Ave element count: 636
INFO - Guadalupe element count: 616
INFO - Buendia element count: 636
INFO - Ayala Ave element count: 636
INFO - Magallanes element count: 636
INFO - Taft element count: 636
INFO - North Ave element count: 612
INFO - Exit element count: 612
INFO - Quezon Ave element count: 612
INFO - GMA Kamuning element count: 612
INFO - Cubao element count: 612
INFO - Santolan element count: 612
INFO - Ortigas element count: 599
INFO - Shaw Blvd element count: 612
INFO - Boni Ave element count: 612
INFO - Guadalupe element count: 600
INFO - Buendia element count: 612
INFO - Ayala Ave element count: 612
INFO - Magallanes element count: 612
INFO - Taft element count: 612
INFO - North Ave element count: 611
INFO - Exit element count: 612
INFO - Quezon Ave element count: 612
INFO - GMA Kamuning element count: 612
INFO - Cubao element count: 612
INFO - Santolan element count: 612
INFO - Ortigas element count: 606
INFO - Shaw Blvd element count: 612
INFO - Boni Ave element count: 612
INFO - Guadalupe element count: 606
INFO - Buendia element count: 612
INFO - Ayala Ave element count: 612
INFO - Magallanes element count: 612
INFO - Taft element count: 612
INFO - North Ave element count: 631
INFO - Exit element count: 632
INFO - Quezon Ave element count: 632
INFO - GMA Kamuning element count: 632
INFO - Cubao element count: 632
INFO - Santolan element count: 632
INFO - Ortigas element count: 612
INFO - Shaw Blvd element count: 632
INFO - Boni Ave element count: 632
INFO - Guadalupe element count: 612
INFO - Buendia element count: 632
INFO - Ayala Ave element count: 632
INFO - Magallanes element count: 632
INFO - Taft element count: 632
INFO - North Ave element count: 611
INFO - Exit element count: 611
INFO - Quezon Ave element count: 611
INFO - GMA Kamuning element count: 611
INFO - Cubao element count: 611
INFO - Santolan element count: 611
INFO - Ortigas element count: 600
INFO - Shaw Blvd element count: 611
INFO - Boni Ave element count: 611
INFO - Guadalupe element count: 600
INFO - Buendia element count: 611
INFO - Ayala Ave element count: 611
INFO - Magallanes element count: 611
INFO - Taft element count: 611
INFO - North Ave element count: 630
INFO - Exit element count: 630
INFO - Quezon Ave element count: 630
INFO - GMA Kamuning element count: 630
INFO - Cubao element count: 630
INFO - Santolan element count: 630
INFO - Ortigas element count: 630
INFO - Shaw Blvd element count: 630
INFO - Boni Ave element count: 630
INFO - Guadalupe element count: 630
INFO - Buendia element count: 630
INFO - Ayala Ave element count: 630
INFO - Magallanes element count: 630
INFO - Taft element count: 630
INFO - North Ave element count: 627
INFO - Exit element count: 627
INFO - Quezon Ave element count: 627
INFO - GMA Kamuning element count: 627
INFO - Cubao element count: 627
INFO - Santolan element count: 627
INFO - Ortigas element count: 627
INFO - Shaw Blvd element count: 627
INFO - Boni Ave element count: 627
INFO - Guadalupe element count: 627
INFO - Buendia element count: 627
INFO - Ayala Ave element count: 627
INFO - Magallanes element count: 627
INFO - Taft element count: 627
INFO - North Ave element count: 607
INFO - Exit element count: 607
INFO - Quezon Ave element count: 609
INFO - GMA Kamuning element count: 609
INFO - Cubao element count: 609
INFO - Santolan element count: 609
INFO - Ortigas element count: 609
INFO - Shaw Blvd element count: 608
INFO - Boni Ave element count: 608
INFO - Guadalupe element count: 607
INFO - Buendia element count: 607
INFO - Ayala Ave element count: 607
INFO - Magallanes element count: 607
INFO - Taft element count: 607
INFO - North Ave element count: 637
INFO - Exit element count: 637
INFO - Quezon Ave element count: 637
INFO - GMA Kamuning element count: 637
INFO - Cubao element count: 637
INFO - Santolan element count: 637
INFO - Ortigas element count: 637
INFO - Shaw Blvd element count: 637
INFO - Boni Ave element count: 637
INFO - Guadalupe element count: 637
INFO - Buendia element count: 637
INFO - Ayala Ave element count: 637
INFO - Magallanes element count: 637
INFO - Taft element count: 637
INFO - North Ave element count: 575
INFO - Exit element count: 575
INFO - Quezon Ave element count: 575
INFO - GMA Kamuning element count: 575
INFO - Cubao element count: 575
INFO - Santolan element count: 575
INFO - Ortigas element count: 575
INFO - Shaw Blvd element count: 575
INFO - Boni Ave element count: 575
INFO - Guadalupe element count: 575
INFO - Buendia element count: 575
INFO - Ayala Ave element count: 575
INFO - Magallanes element count: 575
INFO - Taft element count: 575
INFO - North Ave element count: 643
INFO - Exit element count: 643
INFO - Quezon Ave element count: 643
INFO - GMA Kamuning element count: 643
INFO - Cubao element count: 643
INFO - Santolan element count: 643
INFO - Ortigas element count: 643
INFO - Shaw Blvd element count: 643
INFO - Boni Ave element count: 643
INFO - Guadalupe element count: 643
INFO - Buendia element count: 643
INFO - Ayala Ave element count: 643
INFO - Magallanes element count: 643
INFO - Taft element count: 643
INFO - North Ave element count: 466
INFO - Exit element count: 466
INFO - Quezon Ave element count: 466
INFO - GMA Kamuning element count: 466
INFO - Cubao element count: 466
INFO - Santolan element count: 466
INFO - Ortigas element count: 466
INFO - Shaw Blvd element count: 466
INFO - Boni Ave element count: 466
INFO - Guadalupe element count: 466
INFO - Buendia element count: 466
INFO - Ayala Ave element count: 466
INFO - Magallanes element count: 466
INFO - Taft element count: 466
INFO - North Ave element count: 624
INFO - Exit element count: 624
INFO - Quezon Ave element count: 624
INFO - GMA Kamuning element count: 624
INFO - Cubao element count: 624
INFO - Santolan element count: 624
INFO - Ortigas element count: 625
INFO - Shaw Blvd element count: 624
INFO - Boni Ave element count: 624
INFO - Guadalupe element count: 624
INFO - Buendia element count: 625
INFO - Ayala Ave element count: 624
INFO - Magallanes element count: 624
INFO - Taft element count: 624
INFO - North Ave element count: 619
INFO - Exit element count: 619
INFO - Quezon Ave element count: 619
INFO - GMA Kamuning element count: 619
INFO - Cubao element count: 619
INFO - Santolan element count: 619
INFO - Ortigas element count: 619
INFO - Shaw Blvd element count: 619
INFO - Boni Ave element count: 619
INFO - Guadalupe element count: 619
INFO - Buendia element count: 619
INFO - Ayala Ave element count: 619
INFO - Magallanes element count: 619
INFO - Taft element count: 619
INFO - North Ave element count: 630
INFO - Exit element count: 630
INFO - Quezon Ave element count: 630
INFO - GMA Kamuning element count: 630
INFO - Cubao element count: 630
INFO - Santolan element count: 630
INFO - Ortigas element count: 630
INFO - Shaw Blvd element count: 630
INFO - Boni Ave element count: 630
INFO - Guadalupe element count: 630
INFO - Buendia element count: 630
INFO - Ayala Ave element count: 630
INFO - Magallanes element count: 630
INFO - Taft element count: 630
INFO - North Ave element count: 643
INFO - Exit element count: 643
INFO - Quezon Ave element count: 643
INFO - GMA Kamuning element count: 643
INFO - Cubao element count: 643
INFO - Santolan element count: 643
INFO - Ortigas element count: 643
INFO - Shaw Blvd element count: 643
INFO - Boni Ave element count: 643
INFO - Guadalupe element count: 643
INFO - Buendia element count: 643
INFO - Ayala Ave element count: 643
INFO - Magallanes element count: 643
INFO - Taft element count: 643
INFO - North Ave element count: 626
INFO - Exit element count: 626
INFO - Quezon Ave element count: 626
INFO - GMA Kamuning element count: 626
INFO - Cubao element count: 626
INFO - Santolan element count: 626
INFO - Ortigas element count: 626
INFO - Shaw Blvd element count: 626
INFO - Boni Ave element count: 626
INFO - Guadalupe element count: 626
INFO - Buendia element count: 626
INFO - Ayala Ave element count: 626
INFO - Magallanes element count: 626
INFO - Taft element count: 626
INFO - North Ave element count: 637
INFO - Exit element count: 637
INFO - Quezon Ave element count: 637
INFO - GMA Kamuning element count: 637
INFO - Cubao element count: 637
INFO - Santolan element count: 637
INFO - Ortigas element count: 637
INFO - Shaw Blvd element count: 637
INFO - Boni Ave element count: 637
INFO - Guadalupe element count: 637
INFO - Buendia element count: 637
INFO - Ayala Ave element count: 637
INFO - Magallanes element count: 637
INFO - Taft element count: 637
INFO - North Ave element count: 621
INFO - Exit element count: 621
INFO - Quezon Ave element count: 621
INFO - GMA Kamuning element count: 621
INFO - Cubao element count: 621
INFO - Santolan element count: 621
INFO - Ortigas element count: 621
INFO - Shaw Blvd element count: 621
INFO - Boni Ave element count: 621
INFO - Guadalupe element count: 616
INFO - Buendia element count: 621
INFO - Ayala Ave element count: 621
INFO - Magallanes element count: 621
INFO - Taft element count: 621
INFO - North Ave element count: 630
INFO - Exit element count: 630
INFO - Quezon Ave element count: 630
INFO - GMA Kamuning element count: 630
INFO - Cubao element count: 630
INFO - Santolan element count: 630
INFO - Ortigas element count: 630
INFO - Shaw Blvd element count: 630
INFO - Boni Ave element count: 630
INFO - Guadalupe element count: 619
INFO - Buendia element count: 630
INFO - Ayala Ave element count: 630
INFO - Magallanes element count: 630
INFO - Taft element count: 630
INFO - North Ave element count: 593
INFO - Exit element count: 593
INFO - Quezon Ave element count: 593
INFO - GMA Kamuning element count: 593
INFO - Cubao element count: 593
INFO - Santolan element count: 593
INFO - Ortigas element count: 593
INFO - Shaw Blvd element count: 593
INFO - Boni Ave element count: 593
INFO - Guadalupe element count: 593
INFO - Buendia element count: 593
INFO - Ayala Ave element count: 593
INFO - Magallanes element count: 593
INFO - Taft element count: 593
INFO - North Ave element count: 323
INFO - Exit element count: 323
INFO - Quezon Ave element count: 323
INFO - GMA Kamuning element count: 323
INFO - Cubao element count: 323
INFO - Santolan element count: 323
INFO - Ortigas element count: 323
INFO - Shaw Blvd element count: 323
INFO - Boni Ave element count: 323
INFO - Guadalupe element count: 323
INFO - Buendia element count: 323
INFO - Ayala Ave element count: 323
INFO - Magallanes element count: 323
INFO - Taft element count: 323
INFO - North Ave element count: 608
INFO - Exit element count: 607
INFO - Quezon Ave element count: 608
INFO - GMA Kamuning element count: 608
INFO - Cubao element count: 608
INFO - Santolan element count: 608
INFO - Ortigas element count: 608
INFO - Shaw Blvd element count: 608
INFO - Boni Ave element count: 608
INFO - Guadalupe element count: 597
INFO - Buendia element count: 608
INFO - Ayala Ave element count: 608
INFO - Magallanes element count: 608
INFO - Taft element count: 608
INFO - North Ave element count: 465
INFO - Exit element count: 465
INFO - Quezon Ave element count: 465
INFO - GMA Kamuning element count: 465
INFO - Cubao element count: 465
INFO - Santolan element count: 465
INFO - Ortigas element count: 465
INFO - Shaw Blvd element count: 465
INFO - Boni Ave element count: 465
INFO - Guadalupe element count: 458
INFO - Buendia element count: 465
INFO - Ayala Ave element count: 465
INFO - Magallanes element count: 465
INFO - Taft element count: 465
INFO - North Ave element count: 328
INFO - Exit element count: 328
INFO - Quezon Ave element count: 328
INFO - GMA Kamuning element count: 328
INFO - Cubao element count: 328
INFO - Santolan element count: 328
INFO - Ortigas element count: 328
INFO - Shaw Blvd element count: 328
INFO - Boni Ave element count: 328
INFO - Guadalupe element count: 320
INFO - Buendia element count: 328
INFO - Ayala Ave element count: 328
INFO - Magallanes element count: 328
INFO - Taft element count: 328
INFO - North Ave element count: 614
INFO - Exit element count: 614
INFO - Quezon Ave element count: 614
INFO - GMA Kamuning element count: 614
INFO - Cubao element count: 614
INFO - Santolan element count: 614
INFO - Ortigas element count: 614
INFO - Shaw Blvd element count: 614
INFO - Boni Ave element count: 614
INFO - Guadalupe element count: 599
INFO - Buendia element count: 614
INFO - Ayala Ave element count: 614
INFO - Magallanes element count: 614
INFO - Taft element count: 614
INFO - North Ave element count: 628
INFO - Exit element count: 628
INFO - Quezon Ave element count: 628
INFO - GMA Kamuning element count: 628
INFO - Cubao element count: 628
INFO - Santolan element count: 628
INFO - Ortigas element count: 628
INFO - Shaw Blvd element count: 628
INFO - Boni Ave element count: 628
INFO - Guadalupe element count: 620
INFO - Buendia element count: 628
INFO - Ayala Ave element count: 628
INFO - Magallanes element count: 628
INFO - Taft element count: 628
INFO - North Ave element count: 606
INFO - Exit element count: 606
INFO - Quezon Ave element count: 606
INFO - GMA Kamuning element count: 606
INFO - Cubao element count: 606
INFO - Santolan element count: 606
INFO - Ortigas element count: 605
INFO - Shaw Blvd element count: 606
INFO - Boni Ave element count: 606
INFO - Guadalupe element count: 605
INFO - Buendia element count: 606
INFO - Ayala Ave element count: 606
INFO - Magallanes element count: 606
INFO - Taft element count: 606
INFO - North Ave element count: 616
INFO - Exit element count: 616
INFO - Quezon Ave element count: 616
INFO - GMA Kamuning element count: 616
INFO - Cubao element count: 616
INFO - Santolan element count: 616
INFO - Ortigas element count: 611
INFO - Shaw Blvd element count: 616
INFO - Boni Ave element count: 616
INFO - Guadalupe element count: 611
INFO - Buendia element count: 616
INFO - Ayala Ave element count: 616
INFO - Magallanes element count: 616
INFO - Taft element count: 616
INFO - North Ave element count: 616
INFO - Exit element count: 616
INFO - Quezon Ave element count: 616
INFO - GMA Kamuning element count: 616
INFO - Cubao element count: 616
INFO - Santolan element count: 616
INFO - Ortigas element count: 610
INFO - Shaw Blvd element count: 616
INFO - Boni Ave element count: 616
INFO - Guadalupe element count: 610
INFO - Buendia element count: 616
INFO - Ayala Ave element count: 616
INFO - Magallanes element count: 616
INFO - Taft element count: 616
INFO - North Ave element count: 580
INFO - Exit element count: 580
INFO - Quezon Ave element count: 580
INFO - GMA Kamuning element count: 580
INFO - Cubao element count: 580
INFO - Santolan element count: 580
INFO - Ortigas element count: 580
INFO - Shaw Blvd element count: 580
INFO - Boni Ave element count: 580
INFO - Guadalupe element count: 560
INFO - Buendia element count: 580
INFO - Ayala Ave element count: 580
INFO - Magallanes element count: 580
INFO - Taft element count: 580
INFO - North Ave element count: 588
INFO - Exit element count: 588
INFO - Quezon Ave element count: 588
INFO - GMA Kamuning element count: 588
INFO - Cubao element count: 588
INFO - Santolan element count: 588
INFO - Ortigas element count: 588
INFO - Shaw Blvd element count: 588
INFO - Boni Ave element count: 588
INFO - Guadalupe element count: 580
INFO - Buendia element count: 588
INFO - Ayala Ave element count: 588
INFO - Magallanes element count: 588
INFO - Taft element count: 588
INFO - North Ave element count: 515
INFO - Exit element count: 515
INFO - Quezon Ave element count: 515
INFO - GMA Kamuning element count: 515
INFO - Cubao element count: 515
INFO - Santolan element count: 515
INFO - Ortigas element count: 515
INFO - Shaw Blvd element count: 515
INFO - Boni Ave element count: 515
INFO - Guadalupe element count: 509
INFO - Buendia element count: 515
INFO - Ayala Ave element count: 515
INFO - Magallanes element count: 515
INFO - Taft element count: 515
INFO - North Ave element count: 638
INFO - Exit element count: 638
INFO - Quezon Ave element count: 638
INFO - GMA Kamuning element count: 638
INFO - Cubao element count: 638
INFO - Santolan element count: 638
INFO - Ortigas element count: 638
INFO - Shaw Blvd element count: 638
INFO - Boni Ave element count: 638
INFO - Guadalupe element count: 620
INFO - Buendia element count: 638
INFO - Ayala Ave element count: 638
INFO - Magallanes element count: 638
INFO - Taft element count: 638
INFO - North Ave element count: 605
INFO - Exit element count: 605
INFO - Quezon Ave element count: 605
INFO - GMA Kamuning element count: 605
INFO - Cubao element count: 605
INFO - Santolan element count: 605
INFO - Ortigas element count: 605
INFO - Shaw Blvd element count: 605
INFO - Boni Ave element count: 605
INFO - Guadalupe element count: 600
INFO - Buendia element count: 605
INFO - Ayala Ave element count: 605
INFO - Magallanes element count: 605
INFO - Taft element count: 605
INFO - North Ave element count: 630
INFO - Exit element count: 630
INFO - Quezon Ave element count: 630
INFO - GMA Kamuning element count: 630
INFO - Cubao element count: 630
INFO - Santolan element count: 630
INFO - Ortigas element count: 630
INFO - Shaw Blvd element count: 630
INFO - Boni Ave element count: 630
INFO - Guadalupe element count: 620
INFO - Buendia element count: 630
INFO - Ayala Ave element count: 630
INFO - Magallanes element count: 630
INFO - Taft element count: 630
INFO - North Ave element count: 618
INFO - Exit element count: 618
INFO - Quezon Ave element count: 618
INFO - GMA Kamuning element count: 618
INFO - Cubao element count: 618
INFO - Santolan element count: 618
INFO - Ortigas element count: 617
INFO - Shaw Blvd element count: 618
INFO - Boni Ave element count: 618
INFO - Guadalupe element count: 609
INFO - Buendia element count: 618
INFO - Ayala Ave element count: 618
INFO - Magallanes element count: 618
INFO - Taft element count: 618
INFO - North Ave element count: 613
INFO - Exit element count: 613
INFO - Quezon Ave element count: 613
INFO - GMA Kamuning element count: 613
INFO - Cubao element count: 613
INFO - Santolan element count: 613
INFO - Ortigas element count: 601
INFO - Shaw Blvd element count: 613
INFO - Boni Ave element count: 613
INFO - Guadalupe element count: 600
INFO - Buendia element count: 613
INFO - Ayala Ave element count: 613
INFO - Magallanes element count: 613
INFO - Taft element count: 613
INFO - North Ave element count: 603
INFO - Exit element count: 603
INFO - Quezon Ave element count: 603
INFO - GMA Kamuning element count: 603
INFO - Cubao element count: 603
INFO - Santolan element count: 603
INFO - Ortigas element count: 603
INFO - Shaw Blvd element count: 603
INFO - Boni Ave element count: 603
INFO - Guadalupe element count: 603
INFO - Buendia element count: 603
INFO - Ayala Ave element count: 603
INFO - Magallanes element count: 603
INFO - Taft element count: 603
INFO - North Ave element count: 604
INFO - Exit element count: 604
INFO - Quezon Ave element count: 604
INFO - GMA Kamuning element count: 604
INFO - Cubao element count: 604
INFO - Santolan element count: 604
INFO - Ortigas element count: 603
INFO - Shaw Blvd element count: 604
INFO - Boni Ave element count: 604
INFO - Guadalupe element count: 603
INFO - Buendia element count: 604
INFO - Ayala Ave element count: 604
INFO - Magallanes element count: 604
INFO - Taft element count: 604
INFO - North Ave element count: 607
INFO - Exit element count: 607
INFO - Quezon Ave element count: 607
INFO - GMA Kamuning element count: 607
INFO - Cubao element count: 607
INFO - Santolan element count: 607
INFO - Ortigas element count: 592
INFO - Shaw Blvd element count: 607
INFO - Boni Ave element count: 607
INFO - Guadalupe element count: 592
INFO - Buendia element count: 594
INFO - Ayala Ave element count: 607
INFO - Magallanes element count: 607
INFO - Taft element count: 607
INFO - North Ave element count: 603
INFO - Exit element count: 603
INFO - Quezon Ave element count: 603
INFO - GMA Kamuning element count: 603
INFO - Cubao element count: 603
INFO - Santolan element count: 603
INFO - Ortigas element count: 601
INFO - Shaw Blvd element count: 603
INFO - Boni Ave element count: 603
INFO - Guadalupe element count: 601
INFO - Buendia element count: 603
INFO - Ayala Ave element count: 603
INFO - Magallanes element count: 603
INFO - Taft element count: 603
INFO - North Ave element count: 541
INFO - Exit element count: 541
INFO - Quezon Ave element count: 544
INFO - GMA Kamuning element count: 544
INFO - Cubao element count: 544
INFO - Santolan element count: 544
INFO - Ortigas element count: 544
INFO - Shaw Blvd element count: 544
INFO - Boni Ave element count: 544
INFO - Guadalupe element count: 544
INFO - Buendia element count: 542
INFO - Ayala Ave element count: 541
INFO - Magallanes element count: 543
INFO - Taft element count: 541
INFO - North Ave element count: 620
INFO - Exit element count: 620
INFO - Quezon Ave element count: 620
INFO - GMA Kamuning element count: 620
INFO - Cubao element count: 620
INFO - Santolan element count: 620
INFO - Ortigas element count: 614
INFO - Shaw Blvd element count: 620
INFO - Boni Ave element count: 620
INFO - Guadalupe element count: 614
INFO - Buendia element count: 620
INFO - Ayala Ave element count: 620
INFO - Magallanes element count: 620
INFO - Taft element count: 620
INFO - North Ave element count: 500
INFO - Exit element count: 500
INFO - Quezon Ave element count: 500
INFO - GMA Kamuning element count: 500
INFO - Cubao element count: 500
INFO - Santolan element count: 500
INFO - Ortigas element count: 492
INFO - Shaw Blvd element count: 500
INFO - Boni Ave element count: 500
INFO - Guadalupe element count: 492
INFO - Buendia element count: 500
INFO - Ayala Ave element count: 500
INFO - Magallanes element count: 500
INFO - Taft element count: 500
INFO - North Ave element count: 636
INFO - Exit element count: 636
INFO - Quezon Ave element count: 636
INFO - GMA Kamuning element count: 636
INFO - Cubao element count: 636
INFO - Santolan element count: 636
INFO - Ortigas element count: 615
INFO - Shaw Blvd element count: 636
INFO - Boni Ave element count: 636
INFO - Guadalupe element count: 616
INFO - Buendia element count: 636
INFO - Ayala Ave element count: 636
INFO - Magallanes element count: 636
INFO - Taft element count: 636
INFO - North Ave element count: 612
INFO - Exit element count: 612
INFO - Quezon Ave element count: 612
INFO - GMA Kamuning element count: 612
INFO - Cubao element count: 612
INFO - Santolan element count: 612
INFO - Ortigas element count: 599
INFO - Shaw Blvd element count: 612
INFO - Boni Ave element count: 612
INFO - Guadalupe element count: 600
INFO - Buendia element count: 612
INFO - Ayala Ave element count: 612
INFO - Magallanes element count: 612
INFO - Taft element count: 612
INFO - North Ave element count: 611
INFO - Exit element count: 612
INFO - Quezon Ave element count: 612
INFO - GMA Kamuning element count: 612
INFO - Cubao element count: 612
INFO - Santolan element count: 612
INFO - Ortigas element count: 606
INFO - Shaw Blvd element count: 612
INFO - Boni Ave element count: 612
INFO - Guadalupe element count: 606
INFO - Buendia element count: 612
INFO - Ayala Ave element count: 612
INFO - Magallanes element count: 612
INFO - Taft element count: 612
INFO - North Ave element count: 631
INFO - Exit element count: 632
INFO - Quezon Ave element count: 632
INFO - GMA Kamuning element count: 632
INFO - Cubao element count: 632
INFO - Santolan element count: 632
INFO - Ortigas element count: 612
INFO - Shaw Blvd element count: 632
INFO - Boni Ave element count: 632
INFO - Guadalupe element count: 612
INFO - Buendia element count: 632
INFO - Ayala Ave element count: 632
INFO - Magallanes element count: 632
INFO - Taft element count: 632
INFO - North Ave element count: 611
INFO - Exit element count: 611
INFO - Quezon Ave element count: 611
INFO - GMA Kamuning element count: 611
INFO - Cubao element count: 611
INFO - Santolan element count: 611
INFO - Ortigas element count: 600
INFO - Shaw Blvd element count: 611
INFO - Boni Ave element count: 611
INFO - Guadalupe element count: 600
INFO - Buendia element count: 611
INFO - Ayala Ave element count: 611
INFO - Magallanes element count: 611
INFO - Taft element count: 611
INFO - North Ave element count: 630
INFO - Exit element count: 630
INFO - Quezon Ave element count: 630
INFO - GMA Kamuning element count: 630
INFO - Cubao element count: 630
INFO - Santolan element count: 630
INFO - Ortigas element count: 630
INFO - Shaw Blvd element count: 630
INFO - Boni Ave element count: 630
INFO - Guadalupe element count: 630
INFO - Buendia element count: 630
INFO - Ayala Ave element count: 630
INFO - Magallanes element count: 630
INFO - Taft element count: 630
INFO - North Ave element count: 627
INFO - Exit element count: 627
INFO - Quezon Ave element count: 627
INFO - GMA Kamuning element count: 627
INFO - Cubao element count: 627
INFO - Santolan element count: 627
INFO - Ortigas element count: 627
INFO - Shaw Blvd element count: 627
INFO - Boni Ave element count: 627
INFO - Guadalupe element count: 627
INFO - Buendia element count: 627
INFO - Ayala Ave element count: 627
INFO - Magallanes element count: 627
INFO - Taft element count: 627
INFO - North Ave element count: 607
INFO - Exit element count: 607
INFO - Quezon Ave element count: 609
INFO - GMA Kamuning element count: 609
INFO - Cubao element count: 609
INFO - Santolan element count: 609
INFO - Ortigas element count: 609
INFO - Shaw Blvd element count: 608
INFO - Boni Ave element count: 608
INFO - Guadalupe element count: 607
INFO - Buendia element count: 607
INFO - Ayala Ave element count: 607
INFO - Magallanes element count: 607
INFO - Taft element count: 607
INFO - North Ave element count: 637
INFO - Exit element count: 637
INFO - Quezon Ave element count: 637
INFO - GMA Kamuning element count: 637
INFO - Cubao element count: 637
INFO - Santolan element count: 637
INFO - Ortigas element count: 637
INFO - Shaw Blvd element count: 637
INFO - Boni Ave element count: 637
INFO - Guadalupe element count: 637
INFO - Buendia element count: 637
INFO - Ayala Ave element count: 637
INFO - Magallanes element count: 637
INFO - Taft element count: 637
INFO - North Ave element count: 575
INFO - Exit element count: 575
INFO - Quezon Ave element count: 575
INFO - GMA Kamuning element count: 575
INFO - Cubao element count: 575
INFO - Santolan element count: 575
INFO - Ortigas element count: 575
INFO - Shaw Blvd element count: 575
INFO - Boni Ave element count: 575
INFO - Guadalupe element count: 575
INFO - Buendia element count: 575
INFO - Ayala Ave element count: 575
INFO - Magallanes element count: 575
INFO - Taft element count: 575
INFO - North Ave element count: 643
INFO - Exit element count: 643
INFO - Quezon Ave element count: 643
INFO - GMA Kamuning element count: 643
INFO - Cubao element count: 643
INFO - Santolan element count: 643
INFO - Ortigas element count: 643
INFO - Shaw Blvd element count: 643
INFO - Boni Ave element count: 643
INFO - Guadalupe element count: 643
INFO - Buendia element count: 643
INFO - Ayala Ave element count: 643
INFO - Magallanes element count: 643
INFO - Taft element count: 643
INFO - North Ave element count: 466
INFO - Exit element count: 466
INFO - Quezon Ave element count: 466
INFO - GMA Kamuning element count: 466
INFO - Cubao element count: 466
INFO - Santolan element count: 466
INFO - Ortigas element count: 466
INFO - Shaw Blvd element count: 466
INFO - Boni Ave element count: 466
INFO - Guadalupe element count: 466
INFO - Buendia element count: 466
INFO - Ayala Ave element count: 466
INFO - Magallanes element count: 466
INFO - Taft element count: 466
INFO - North Ave element count: 624
INFO - Exit element count: 624
INFO - Quezon Ave element count: 624
INFO - GMA Kamuning element count: 624
INFO - Cubao element count: 624
INFO - Santolan element count: 624
INFO - Ortigas element count: 625
INFO - Shaw Blvd element count: 624
INFO - Boni Ave element count: 624
INFO - Guadalupe element count: 624
INFO - Buendia element count: 625
INFO - Ayala Ave element count: 624
INFO - Magallanes element count: 624
INFO - Taft element count: 624
INFO - North Ave element count: 619
INFO - Exit element count: 619
INFO - Quezon Ave element count: 619
INFO - GMA Kamuning element count: 619
INFO - Cubao element count: 619
INFO - Santolan element count: 619
INFO - Ortigas element count: 619
INFO - Shaw Blvd element count: 619
INFO - Boni Ave element count: 619
INFO - Guadalupe element count: 619
INFO - Buendia element count: 619
INFO - Ayala Ave element count: 619
INFO - Magallanes element count: 619
INFO - Taft element count: 619
INFO - North Ave element count: 630
INFO - Exit element count: 630
INFO - Quezon Ave element count: 630
INFO - GMA Kamuning element count: 630
INFO - Cubao element count: 630
INFO - Santolan element count: 630
INFO - Ortigas element count: 630
INFO - Shaw Blvd element count: 630
INFO - Boni Ave element count: 630
INFO - Guadalupe element count: 630
INFO - Buendia element count: 630
INFO - Ayala Ave element count: 630
INFO - Magallanes element count: 630
INFO - Taft element count: 630
INFO - North Ave element count: 643
INFO - Exit element count: 643
INFO - Quezon Ave element count: 643
INFO - GMA Kamuning element count: 643
INFO - Cubao element count: 643
INFO - Santolan element count: 643
INFO - Ortigas element count: 643
INFO - Shaw Blvd element count: 643
INFO - Boni Ave element count: 643
INFO - Guadalupe element count: 643
INFO - Buendia element count: 643
INFO - Ayala Ave element count: 643
INFO - Magallanes element count: 643
INFO - Taft element count: 643
INFO - North Ave element count: 626
INFO - Exit element count: 626
INFO - Quezon Ave element count: 626
INFO - GMA Kamuning element count: 626
INFO - Cubao element count: 626
INFO - Santolan element count: 626
INFO - Ortigas element count: 626
INFO - Shaw Blvd element count: 626
INFO - Boni Ave element count: 626
INFO - Guadalupe element count: 626
INFO - Buendia element count: 626
INFO - Ayala Ave element count: 626
INFO - Magallanes element count: 626
INFO - Taft element count: 626
INFO - North Ave element count: 637
INFO - Exit element count: 637
INFO - Quezon Ave element count: 637
INFO - GMA Kamuning element count: 637
INFO - Cubao element count: 637
INFO - Santolan element count: 637
INFO - Ortigas element count: 637
INFO - Shaw Blvd element count: 637
INFO - Boni Ave element count: 637
INFO - Guadalupe element count: 637
INFO - Buendia element count: 637
INFO - Ayala Ave element count: 637
INFO - Magallanes element count: 637
INFO - Taft element count: 637
INFO - North Ave element count: 621
INFO - Exit element count: 621
INFO - Quezon Ave element count: 621
INFO - GMA Kamuning element count: 621
INFO - Cubao element count: 621
INFO - Santolan element count: 621
INFO - Ortigas element count: 621
INFO - Shaw Blvd element count: 621
INFO - Boni Ave element count: 621
INFO - Guadalupe element count: 616
INFO - Buendia element count: 621
INFO - Ayala Ave element count: 621
INFO - Magallanes element count: 621
INFO - Taft element count: 621
INFO - North Ave element count: 630
INFO - Exit element count: 630
INFO - Quezon Ave element count: 630
INFO - GMA Kamuning element count: 630
INFO - Cubao element count: 630
INFO - Santolan element count: 630
INFO - Ortigas element count: 630
INFO - Shaw Blvd element count: 630
INFO - Boni Ave element count: 630
INFO - Guadalupe element count: 619
INFO - Buendia element count: 630
INFO - Ayala Ave element count: 630
INFO - Magallanes element count: 630
INFO - Taft element count: 630
INFO - North Ave element count: 593
INFO - Exit element count: 593
INFO - Quezon Ave element count: 593
INFO - GMA Kamuning element count: 593
INFO - Cubao element count: 593
INFO - Santolan element count: 593
INFO - Ortigas element count: 593
INFO - Shaw Blvd element count: 593
INFO - Boni Ave element count: 593
INFO - Guadalupe element count: 593
INFO - Buendia element count: 593
INFO - Ayala Ave element count: 593
INFO - Magallanes element count: 593
INFO - Taft element count: 593
INFO - North Ave element count: 323
INFO - Exit element count: 323
INFO - Quezon Ave element count: 323
INFO - GMA Kamuning element count: 323
INFO - Cubao element count: 323
INFO - Santolan element count: 323
INFO - Ortigas element count: 323
INFO - Shaw Blvd element count: 323
INFO - Boni Ave element count: 323
INFO - Guadalupe element count: 323
INFO - Buendia element count: 323
INFO - Ayala Ave element count: 323
INFO - Magallanes element count: 323
INFO - Taft element count: 323
INFO - North Ave element count: 608
INFO - Exit element count: 607
INFO - Quezon Ave element count: 608
INFO - GMA Kamuning element count: 608
INFO - Cubao element count: 608
INFO - Santolan element count: 608
INFO - Ortigas element count: 608
INFO - Shaw Blvd element count: 608
INFO - Boni Ave element count: 608
INFO - Guadalupe element count: 597
INFO - Buendia element count: 608
INFO - Ayala Ave element count: 608
INFO - Magallanes element count: 608
INFO - Taft element count: 608
INFO - North Ave element count: 465
INFO - Exit element count: 465
INFO - Quezon Ave element count: 465
INFO - GMA Kamuning element count: 465
INFO - Cubao element count: 465
INFO - Santolan element count: 465
INFO - Ortigas element count: 465
INFO - Shaw Blvd element count: 465
INFO - Boni Ave element count: 465
INFO - Guadalupe element count: 458
INFO - Buendia element count: 465
INFO - Ayala Ave element count: 465
INFO - Magallanes element count: 465
INFO - Taft element count: 465
INFO - North Ave element count: 328
INFO - Exit element count: 328
INFO - Quezon Ave element count: 328
INFO - GMA Kamuning element count: 328
INFO - Cubao element count: 328
INFO - Santolan element count: 328
INFO - Ortigas element count: 328
INFO - Shaw Blvd element count: 328
INFO - Boni Ave element count: 328
INFO - Guadalupe element count: 320
INFO - Buendia element count: 328
INFO - Ayala Ave element count: 328
INFO - Magallanes element count: 328
INFO - Taft element count: 328
INFO - North Ave element count: 614
INFO - Exit element count: 614
INFO - Quezon Ave element count: 614
INFO - GMA Kamuning element count: 614
INFO - Cubao element count: 614
INFO - Santolan element count: 614
INFO - Ortigas element count: 614
INFO - Shaw Blvd element count: 614
INFO - Boni Ave element count: 614
INFO - Guadalupe element count: 599
INFO - Buendia element count: 614
INFO - Ayala Ave element count: 614
INFO - Magallanes element count: 614
INFO - Taft element count: 614
INFO - North Ave element count: 628
INFO - Exit element count: 628
INFO - Quezon Ave element count: 628
INFO - GMA Kamuning element count: 628
INFO - Cubao element count: 628
INFO - Santolan element count: 628
INFO - Ortigas element count: 628
INFO - Shaw Blvd element count: 628
INFO - Boni Ave element count: 628
INFO - Guadalupe element count: 620
INFO - Buendia element count: 628
INFO - Ayala Ave element count: 628
INFO - Magallanes element count: 628
INFO - Taft element count: 628
INFO - North Ave element count: 606
INFO - Exit element count: 606
INFO - Quezon Ave element count: 606
INFO - GMA Kamuning element count: 606
INFO - Cubao element count: 606
INFO - Santolan element count: 606
INFO - Ortigas element count: 605
INFO - Shaw Blvd element count: 606
INFO - Boni Ave element count: 606
INFO - Guadalupe element count: 605
INFO - Buendia element count: 606
INFO - Ayala Ave element count: 606
INFO - Magallanes element count: 606
INFO - Taft element count: 606
INFO - North Ave element count: 616
INFO - Exit element count: 616
INFO - Quezon Ave element count: 616
INFO - GMA Kamuning element count: 616
INFO - Cubao element count: 616
INFO - Santolan element count: 616
INFO - Ortigas element count: 611
INFO - Shaw Blvd element count: 616
INFO - Boni Ave element count: 616
INFO - Guadalupe element count: 611
INFO - Buendia element count: 616
INFO - Ayala Ave element count: 616
INFO - Magallanes element count: 616
INFO - Taft element count: 616
INFO - North Ave element count: 616
INFO - Exit element count: 616
INFO - Quezon Ave element count: 616
INFO - GMA Kamuning element count: 616
INFO - Cubao element count: 616
INFO - Santolan element count: 616
INFO - Ortigas element count: 610
INFO - Shaw Blvd element count: 616
INFO - Boni Ave element count: 616
INFO - Guadalupe element count: 610
INFO - Buendia element count: 616
INFO - Ayala Ave element count: 616
INFO - Magallanes element count: 616
INFO - Taft element count: 616
INFO - North Ave element count: 580
INFO - Exit element count: 580
INFO - Quezon Ave element count: 580
INFO - GMA Kamuning element count: 580
INFO - Cubao element count: 580
INFO - Santolan element count: 580
INFO - Ortigas element count: 580
INFO - Shaw Blvd element count: 580
INFO - Boni Ave element count: 580
INFO - Guadalupe element count: 560
INFO - Buendia element count: 580
INFO - Ayala Ave element count: 580
INFO - Magallanes element count: 580
INFO - Taft element count: 580
INFO - North Ave element count: 588
INFO - Exit element count: 588
INFO - Quezon Ave element count: 588
INFO - GMA Kamuning element count: 588
INFO - Cubao element count: 588
INFO - Santolan element count: 588
INFO - Ortigas element count: 588
INFO - Shaw Blvd element count: 588
INFO - Boni Ave element count: 588
INFO - Guadalupe element count: 580
INFO - Buendia element count: 588
INFO - Ayala Ave element count: 588
INFO - Magallanes element count: 588
INFO - Taft element count: 588
INFO - North Ave element count: 515
INFO - Exit element count: 515
INFO - Quezon Ave element count: 515
INFO - GMA Kamuning element count: 515
INFO - Cubao element count: 515
INFO - Santolan element count: 515
INFO - Ortigas element count: 515
INFO - Shaw Blvd element count: 515
INFO - Boni Ave element count: 515
INFO - Guadalupe element count: 509
INFO - Buendia element count: 515
INFO - Ayala Ave element count: 515
INFO - Magallanes element count: 515
INFO - Taft element count: 515
INFO - North Ave element count: 638
INFO - Exit element count: 638
INFO - Quezon Ave element count: 638
INFO - GMA Kamuning element count: 638
INFO - Cubao element count: 638
INFO - Santolan element count: 638
INFO - Ortigas element count: 638
INFO - Shaw Blvd element count: 638
INFO - Boni Ave element count: 638
INFO - Guadalupe element count: 620
INFO - Buendia element count: 638
INFO - Ayala Ave element count: 638
INFO - Magallanes element count: 638
INFO - Taft element count: 638
INFO - North Ave element count: 605
INFO - Exit element count: 605
INFO - Quezon Ave element count: 605
INFO - GMA Kamuning element count: 605
INFO - Cubao element count: 605
INFO - Santolan element count: 605
INFO - Ortigas element count: 605
INFO - Shaw Blvd element count: 605
INFO - Boni Ave element count: 605
INFO - Guadalupe element count: 600
INFO - Buendia element count: 605
INFO - Ayala Ave element count: 605
INFO - Magallanes element count: 605
INFO - Taft element count: 605
INFO - North Ave element count: 630
INFO - Exit element count: 630
INFO - Quezon Ave element count: 630
INFO - GMA Kamuning element count: 630
INFO - Cubao element count: 630
INFO - Santolan element count: 630
INFO - Ortigas element count: 630
INFO - Shaw Blvd element count: 630
INFO - Boni Ave element count: 630
INFO - Guadalupe element count: 620
INFO - Buendia element count: 630
INFO - Ayala Ave element count: 630
INFO - Magallanes element count: 630
INFO - Taft element count: 630
INFO - North Ave element count: 618
INFO - Exit element count: 618
INFO - Quezon Ave element count: 618
INFO - GMA Kamuning element count: 618
INFO - Cubao element count: 618
INFO - Santolan element count: 618
INFO - Ortigas element count: 617
INFO - Shaw Blvd element count: 618
INFO - Boni Ave element count: 618
INFO - Guadalupe element count: 609
INFO - Buendia element count: 618
INFO - Ayala Ave element count: 618
INFO - Magallanes element count: 618
INFO - Taft element count: 618
INFO - North Ave element count: 613
INFO - Exit element count: 613
INFO - Quezon Ave element count: 613
INFO - GMA Kamuning element count: 613
INFO - Cubao element count: 613
INFO - Santolan element count: 613
INFO - Ortigas element count: 601
INFO - Shaw Blvd element count: 613
INFO - Boni Ave element count: 613
INFO - Guadalupe element count: 600
INFO - Buendia element count: 613
INFO - Ayala Ave element count: 613
INFO - Magallanes element count: 613
INFO - Taft element count: 613
INFO - North Ave element count: 603
INFO - Exit element count: 603
INFO - Quezon Ave element count: 603
INFO - GMA Kamuning element count: 603
INFO - Cubao element count: 603
INFO - Santolan element count: 603
INFO - Ortigas element count: 603
INFO - Shaw Blvd element count: 603
INFO - Boni Ave element count: 603
INFO - Guadalupe element count: 603
INFO - Buendia element count: 603
INFO - Ayala Ave element count: 603
INFO - Magallanes element count: 603
INFO - Taft element count: 603
INFO - North Ave element count: 604
INFO - Exit element count: 604
INFO - Quezon Ave element count: 604
INFO - GMA Kamuning element count: 604
INFO - Cubao element count: 604
INFO - Santolan element count: 604
INFO - Ortigas element count: 603
INFO - Shaw Blvd element count: 604
INFO - Boni Ave element count: 604
INFO - Guadalupe element count: 603
INFO - Buendia element count: 604
INFO - Ayala Ave element count: 604
INFO - Magallanes element count: 604
INFO - Taft element count: 604
INFO - North Ave element count: 607
INFO - Exit element count: 607
INFO - Quezon Ave element count: 607
INFO - GMA Kamuning element count: 607
INFO - Cubao element count: 607
INFO - Santolan element count: 607
INFO - Ortigas element count: 592
INFO - Shaw Blvd element count: 607
INFO - Boni Ave element count: 607
INFO - Guadalupe element count: 592
INFO - Buendia element count: 594
INFO - Ayala Ave element count: 607
INFO - Magallanes element count: 607
INFO - Taft element count: 607
INFO - North Ave element count: 603
INFO - Exit element count: 603
INFO - Quezon Ave element count: 603
INFO - GMA Kamuning element count: 603
INFO - Cubao element count: 603
INFO - Santolan element count: 603
INFO - Ortigas element count: 601
INFO - Shaw Blvd element count: 603
INFO - Boni Ave element count: 603
INFO - Guadalupe element count: 601
INFO - Buendia element count: 603
INFO - Ayala Ave element count: 603
INFO - Magallanes element count: 603
INFO - Taft element count: 603
INFO - North Ave element count: 541
INFO - Exit element count: 541
INFO - Quezon Ave element count: 544
INFO - GMA Kamuning element count: 544
INFO - Cubao element count: 544
INFO - Santolan element count: 544
INFO - Ortigas element count: 544
INFO - Shaw Blvd element count: 544
INFO - Boni Ave element count: 544
INFO - Guadalupe element count: 544
INFO - Buendia element count: 542
INFO - Ayala Ave element count: 541
INFO - Magallanes element count: 543
INFO - Taft element count: 541
INFO - North Ave element count: 620
INFO - Exit element count: 620
INFO - Quezon Ave element count: 620
INFO - GMA Kamuning element count: 620
INFO - Cubao element count: 620
INFO - Santolan element count: 620
INFO - Ortigas element count: 614
INFO - Shaw Blvd element count: 620
INFO - Boni Ave element count: 620
INFO - Guadalupe element count: 614
INFO - Buendia element count: 620
INFO - Ayala Ave element count: 620
INFO - Magallanes element count: 620
INFO - Taft element count: 620
INFO - North Ave element count: 500
INFO - Exit element count: 500
INFO - Quezon Ave element count: 500
INFO - GMA Kamuning element count: 500
INFO - Cubao element count: 500
INFO - Santolan element count: 500
INFO - Ortigas element count: 492
INFO - Shaw Blvd element count: 500
INFO - Boni Ave element count: 500
INFO - Guadalupe element count: 492
INFO - Buendia element count: 500
INFO - Ayala Ave element count: 500
INFO - Magallanes element count: 500
INFO - Taft element count: 500
INFO - North Ave element count: 636
INFO - Exit element count: 636
INFO - Quezon Ave element count: 636
INFO - GMA Kamuning element count: 636
INFO - Cubao element count: 636
INFO - Santolan element count: 636
INFO - Ortigas element count: 615
INFO - Shaw Blvd element count: 636
INFO - Boni Ave element count: 636
INFO - Guadalupe element count: 616
INFO - Buendia element count: 636
INFO - Ayala Ave element count: 636
INFO - Magallanes element count: 636
INFO - Taft element count: 636
INFO - North Ave element count: 612
INFO - Exit element count: 612
INFO - Quezon Ave element count: 612
INFO - GMA Kamuning element count: 612
INFO - Cubao element count: 612
INFO - Santolan element count: 612
INFO - Ortigas element count: 599
INFO - Shaw Blvd element count: 612
INFO - Boni Ave element count: 612
INFO - Guadalupe element count: 600
INFO - Buendia element count: 612
INFO - Ayala Ave element count: 612
INFO - Magallanes element count: 612
INFO - Taft element count: 612
INFO - North Ave element count: 611
INFO - Exit element count: 612
INFO - Quezon Ave element count: 612
INFO - GMA Kamuning element count: 612
INFO - Cubao element count: 612
INFO - Santolan element count: 612
INFO - Ortigas element count: 606
INFO - Shaw Blvd element count: 612
INFO - Boni Ave element count: 612
INFO - Guadalupe element count: 606
INFO - Buendia element count: 612
INFO - Ayala Ave element count: 612
INFO - Magallanes element count: 612
INFO - Taft element count: 612
INFO - North Ave element count: 631
INFO - Exit element count: 632
INFO - Quezon Ave element count: 632
INFO - GMA Kamuning element count: 632
INFO - Cubao element count: 632
INFO - Santolan element count: 632
INFO - Ortigas element count: 612
INFO - Shaw Blvd element count: 632
INFO - Boni Ave element count: 632
INFO - Guadalupe element count: 612
INFO - Buendia element count: 632
INFO - Ayala Ave element count: 632
INFO - Magallanes element count: 632
INFO - Taft element count: 632
INFO - North Ave element count: 611
INFO - Exit element count: 611
INFO - Quezon Ave element count: 611
INFO - GMA Kamuning element count: 611
INFO - Cubao element count: 611
INFO - Santolan element count: 611
INFO - Ortigas element count: 600
INFO - Shaw Blvd element count: 611
INFO - Boni Ave element count: 611
INFO - Guadalupe element count: 600
INFO - Buendia element count: 611
INFO - Ayala Ave element count: 611
INFO - Magallanes element count: 611
INFO - Taft element count: 611
